Cosmic_Brain/app/build/intermediates/manifest_merge_blame_file/release/manifest-merger-blame-release-report.txt
1<?xml version="1.0" encoding="utf-8"?>
2<manifest xmlns:android="http://schemas.android.com/apk/res/android"
3    package="com.example.infoeduca"
4    android:versionCode="1"
5    android:versionName="1.0" >
6
7    <uses-sdk
8        android:minSdkVersion="21"
8-->src\main\AndroidManifest.xml
9        android:targetSdkVersion="29" />
9-->src\main\AndroidManifest.xml
10
11    <!-- Include required permissions for Google Maps API to run. -->
12    <uses-permission android:name="android.permission.ACCESS_NETWORK_STATE" />
12-->[com.google.android.gms:play-services-maps:17.0.0] AndroidManifest.xml:23:5-79
12-->[com.google.android.gms:play-services-maps:17.0.0] AndroidManifest.xml:23:22-76
13    <uses-permission android:name="android.permission.INTERNET" />
13-->[com.google.android.gms:play-services-maps:17.0.0] AndroidManifest.xml:24:5-67
13-->[com.google.android.gms:play-services-maps:17.0.0] AndroidManifest.xml:24:22-64
14
15    <uses-feature
15-->[com.google.android.gms:play-services-maps:17.0.0] AndroidManifest.xml:26:5-28:35
16        android:glEsVersion="0x00020000"
16-->[com.google.android.gms:play-services-maps:17.0.0] AndroidManifest.xml:27:9-41
17        android:required="true" />
17-->[com.google.android.gms:play-services-maps:17.0.0] AndroidManifest.xml:28:9-32
18
19    <application
19-->src\main\AndroidManifest.xml:5:5-26:19
20        android:allowBackup="true"
20-->src\main\AndroidManifest.xml:6:9-35
21        android:appComponentFactory="androidx.core.app.CoreComponentFactory"
21-->[androidx.core:core:1.0.1] AndroidManifest.xml:22:18-86
22        android:icon="@mipmap/ic_launcher"
22-->src\main\AndroidManifest.xml:7:9-43
23        android:label="@string/app_name"
23-->src\main\AndroidManifest.xml:8:9-41
24        android:roundIcon="@mipmap/ic_launcher_round"
24-->src\main\AndroidManifest.xml:9:9-54
25        android:supportsRtl="true"
25-->src\main\AndroidManifest.xml:10:9-35
26        android:theme="@style/AppTheme" >
26-->src\main\AndroidManifest.xml:11:9-40
27        <activity android:name="com.example.infoeduca.Quiz2" />
27-->src\main\AndroidManifest.xml:12:9-52
27-->src\main\AndroidManifest.xml:12:19-40
28        <activity android:name="com.example.infoeduca.Principal3" />
28-->src\main\AndroidManifest.xml:13:9-48
28-->src\main\AndroidManifest.xml:13:19-45
29        <activity android:name="com.example.infoeduca.About" />
29-->src\main\AndroidManifest.xml:14:9-43
29-->src\main\AndroidManifest.xml:14:19-40
30        <activity android:name="com.example.infoeduca.Puzzle" />
30-->src\main\AndroidManifest.xml:15:9-44
30-->src\main\AndroidManifest.xml:15:19-41
31        <activity android:name="com.example.infoeduca.ResultQuizz" />
31-->src\main\AndroidManifest.xml:16:9-49
31-->src\main\AndroidManifest.xml:16:19-46
32        <activity android:name="com.example.infoeduca.Quizz" />
32-->src\main\AndroidManifest.xml:17:9-43
32-->src\main\AndroidManifest.xml:17:19-40
33        <activity android:name="com.example.infoeduca.Principal2" />
33-->src\main\AndroidManifest.xml:18:9-48
33-->src\main\AndroidManifest.xml:18:19-45
34        <activity android:name="com.example.infoeduca.MainActivity" >
34-->src\main\AndroidManifest.xml:19:9-25:20
34-->src\main\AndroidManifest.xml:19:19-47
35            <intent-filter>
35-->src\main\AndroidManifest.xml:20:13-24:29
36                <action android:name="android.intent.action.MAIN" />
36-->src\main\AndroidManifest.xml:21:17-69
36-->src\main\AndroidManifest.xml:21:25-66
37
38                <category android:name="android.intent.category.LAUNCHER" />
38-->src\main\AndroidManifest.xml:23:17-77
38-->src\main\AndroidManifest.xml:23:27-74
39            </intent-filter>
40        </activity>
41        <!-- Needs to be explicitly declared on P+ -->
42        <uses-library
42-->[com.google.android.gms:play-services-maps:17.0.0] AndroidManifest.xml:33:9-35:40
43            android:name="org.apache.http.legacy"
43-->[com.google.android.gms:play-services-maps:17.0.0] AndroidManifest.xml:34:13-50
44            android:required="false" />
44-->[com.google.android.gms:play-services-maps:17.0.0] AndroidManifest.xml:35:13-37
45
46        <activity
46-->[com.google.android.gms:play-services-base:17.0.0] AndroidManifest.xml:23:9-26:75
47            android:name="com.google.android.gms.common.api.GoogleApiActivity"
47-->[com.google.android.gms:play-services-base:17.0.0] AndroidManifest.xml:24:13-79
48            android:exported="false"
48-->[com.google.android.gms:play-services-base:17.0.0] AndroidManifest.xml:25:13-37
49            android:theme="@android:style/Theme.Translucent.NoTitleBar" />
49-->[com.google.android.gms:play-services-base:17.0.0] AndroidManifest.xml:26:13-72
50
51        <meta-data
51-->[com.google.android.gms:play-services-basement:17.0.0] AndroidManifest.xml:23:9-25:69
52            android:name="com.google.android.gms.version"
52-->[com.google.android.gms:play-services-basement:17.0.0] AndroidManifest.xml:24:13-58
53            android:value="@integer/google_play_services_version" />
53-->[com.google.android.gms:play-services-basement:17.0.0] AndroidManifest.xml:25:13-66
54    </application>
55
56</manifest>